{
  "/Users/theblooming/Documents/OpenClassRooms/Projet 2 - Testez et améliorez une application existante/Front-end---Testez-et-am-liorez-une-application-existante/src/app/shared/material.module.ts": {
    "path": "/Users/theblooming/Documents/OpenClassRooms/Projet 2 - Testez et améliorez une application existante/Front-end---Testez-et-am-liorez-une-application-existante/src/app/shared/material.module.ts",
    "statementMap": {
      "0": {
        "start": {
          "line": 31,
          "column": 24
        },
        "end": {
          "line": 31,
          "column": 531
        }
      },
      "1": {
        "start": {
          "line": 32,
          "column": 41
        },
        "end": {
          "line": 45,
          "column": 4
        }
      },
      "2": {
        "start": {
          "line": 34,
          "column": 18
        },
        "end": {
          "line": 36,
          "column": 5
        }
      },
      "3": {
        "start": {
          "line": 35,
          "column": 6
        },
        "end": {
          "line": 35,
          "column": 57
        }
      },
      "4": {
        "start": {
          "line": 37,
          "column": 31
        },
        "end": {
          "line": 39,
          "column": 6
        }
      },
      "5": {
        "start": {
          "line": 40,
          "column": 31
        },
        "end": {
          "line": 42,
          "column": 6
        }
      },
      "6": {
        "start": {
          "line": 44,
          "column": 2
        },
        "end": {
          "line": 44,
          "column": 24
        }
      },
      "7": {
        "start": {
          "line": 46,
          "column": 0
        },
        "end": {
          "line": 51,
          "column": 5
        }
      },
      "8": {
        "start": {
          "line": 47,
          "column": 2
        },
        "end": {
          "line": 50,
          "column": 5
        }
      }
    },
    "fnMap": {
      "0": {
        "name": "(anonymous_0)",
        "decl": {
          "start": {
            "line": 32,
            "column": 42
          },
          "end": {
            "line": 32,
            "column": 43
          }
        },
        "loc": {
          "start": {
            "line": 32,
            "column": 48
          },
          "end": {
            "line": 45,
            "column": 1
          }
        },
        "line": 32
      },
      "1": {
        "name": "MaterialModule_Factory",
        "decl": {
          "start": {
            "line": 34,
            "column": 27
          },
          "end": {
            "line": 34,
            "column": 49
          }
        },
        "loc": {
          "start": {
            "line": 34,
            "column": 69
          },
          "end": {
            "line": 36,
            "column": 5
          }
        },
        "line": 34
      },
      "2": {
        "name": "(anonymous_2)",
        "decl": {
          "start": {
            "line": 46,
            "column": 1
          },
          "end": {
            "line": 46,
            "column": 2
          }
        },
        "loc": {
          "start": {
            "line": 46,
            "column": 13
          },
          "end": {
            "line": 51,
            "column": 1
          }
        },
        "line": 46
      }
    },
    "branchMap": {
      "0": {
        "loc": {
          "start": {
            "line": 35,
            "column": 18
          },
          "end": {
            "line": 35,
            "column": 53
          }
        },
        "type": "binary-expr",
        "locations": [
          {
            "start": {
              "line": 35,
              "column": 18
            },
            "end": {
              "line": 35,
              "column": 35
            }
          },
          {
            "start": {
              "line": 35,
              "column": 39
            },
            "end": {
              "line": 35,
              "column": 53
            }
          }
        ],
        "line": 35
      },
      "1": {
        "loc": {
          "start": {
            "line": 47,
            "column": 2
          },
          "end": {
            "line": 50,
            "column": 4
          }
        },
        "type": "binary-expr",
        "locations": [
          {
            "start": {
              "line": 47,
              "column": 3
            },
            "end": {
              "line": 47,
              "column": 35
            }
          },
          {
            "start": {
              "line": 47,
              "column": 39
            },
            "end": {
              "line": 47,
              "column": 48
            }
          },
          {
            "start": {
              "line": 47,
              "column": 53
            },
            "end": {
              "line": 50,
              "column": 4
            }
          }
        ],
        "line": 47
      }
    },
    "s": {
      "0": 42,
      "1": 42,
      "2": 42,
      "3": 97,
      "4": 42,
      "5": 42,
      "6": 42,
      "7": 42,
      "8": 42
    },
    "f": {
      "0": 42,
      "1": 97,
      "2": 42
    },
    "b": {
      "0": [
        97,
        97
      ],
      "1": [
        42,
        0,
        42
      ]
    },
    "inputSourceMap": {
      "version": 3,
      "names": [
        "OverlayModule",
        "CdkTreeModule",
        "PortalModule",
        "MatAutocompleteModule",
        "MatButtonModule",
        "MatButtonToggleModule",
        "MatCardModule",
        "MatCheckboxModule",
        "MatChipsModule",
        "MatRippleModule",
        "MatDividerModule",
        "MatExpansionModule",
        "MatFormFieldModule",
        "MatIconModule",
        "MatInputModule",
        "MatListModule",
        "MatMenuModule",
        "MatPaginatorModule",
        "MatProgressSpinnerModule",
        "MatSelectModule",
        "MatSidenavModule",
        "MatSnackBarModule",
        "MatSortModule",
        "MatTableModule",
        "MatTabsModule",
        "MatToolbarModule",
        "MatTreeModule",
        "ReactiveFormsModule",
        "RouterModule",
        "materialModules",
        "MaterialModule",
        "imports",
        "exports"
      ],
      "sources": [
        "/Users/theblooming/Documents/OpenClassRooms/Projet 2 - Testez et améliorez une application existante/Front-end---Testez-et-am-liorez-une-application-existante/src/app/shared/material.module.ts"
      ],
      "sourcesContent": [
        "import { NgModule } from '@angular/core';\nimport { OverlayModule } from '@angular/cdk/overlay';\nimport { CdkTreeModule } from '@angular/cdk/tree';\nimport { PortalModule } from '@angular/cdk/portal';\nimport { MatAutocompleteModule } from '@angular/material/autocomplete';\nimport { MatButtonModule } from '@angular/material/button';\nimport { MatButtonToggleModule } from '@angular/material/button-toggle';\nimport { MatCardModule } from '@angular/material/card';\nimport { MatCheckboxModule } from '@angular/material/checkbox';\nimport { MatChipsModule } from '@angular/material/chips';\nimport { MatRippleModule } from '@angular/material/core';\nimport { MatDividerModule } from '@angular/material/divider';\nimport { MatExpansionModule } from '@angular/material/expansion';\nimport { MatFormFieldModule } from '@angular/material/form-field';\nimport { MatIconModule } from '@angular/material/icon';\nimport { MatInputModule } from '@angular/material/input';\nimport { MatListModule } from '@angular/material/list';\nimport { MatMenuModule } from '@angular/material/menu';\nimport { MatPaginatorModule } from '@angular/material/paginator';\nimport { MatProgressSpinnerModule } from '@angular/material/progress-spinner';\nimport { MatSelectModule } from '@angular/material/select';\nimport { MatSidenavModule } from '@angular/material/sidenav';\nimport { MatSnackBarModule } from '@angular/material/snack-bar';\nimport { MatSortModule } from '@angular/material/sort';\nimport { MatTableModule } from '@angular/material/table';\nimport { MatTabsModule } from '@angular/material/tabs';\nimport { MatToolbarModule } from '@angular/material/toolbar';\nimport { MatTreeModule } from '@angular/material/tree';\nimport { ReactiveFormsModule } from '@angular/forms';\nimport { RouterModule } from '@angular/router';\n\nconst materialModules = [\n  ReactiveFormsModule,\n  CdkTreeModule,\n  MatAutocompleteModule,\n  MatButtonModule,\n  MatCardModule,\n  MatCheckboxModule,\n  MatChipsModule,\n  MatDividerModule,\n  MatExpansionModule,\n  MatIconModule,\n  MatInputModule,\n  MatListModule,\n  MatMenuModule,\n  MatProgressSpinnerModule,\n  MatPaginatorModule,\n  MatRippleModule,\n  MatSelectModule,\n  MatSidenavModule,\n  MatSnackBarModule,\n  MatSortModule,\n  MatTableModule,\n  MatTabsModule,\n  MatToolbarModule,\n  MatFormFieldModule,\n  MatButtonToggleModule,\n  MatTreeModule,\n  OverlayModule,\n  PortalModule,\n  RouterModule,\n];\n\n@NgModule({\n  imports: [...materialModules],\n  exports: [...materialModules],\n})\nexport class MaterialModule {}\n"
      ],
      "mappings": "AACA,SAASA,aAAa,QAAQ,sBAAsB;AACpD,SAASC,aAAa,QAAQ,mBAAmB;AACjD,SAASC,YAAY,QAAQ,qBAAqB;AAClD,SAASC,qBAAqB,QAAQ,gCAAgC;AACtE,SAASC,eAAe,QAAQ,0BAA0B;AAC1D,SAASC,qBAAqB,QAAQ,iCAAiC;AACvE,SAASC,aAAa,QAAQ,wBAAwB;AACtD,SAASC,iBAAiB,QAAQ,4BAA4B;AAC9D,SAASC,cAAc,QAAQ,yBAAyB;AACxD,SAASC,eAAe,QAAQ,wBAAwB;AACxD,SAASC,gBAAgB,QAAQ,2BAA2B;AAC5D,SAASC,kBAAkB,QAAQ,6BAA6B;AAChE,SAASC,kBAAkB,QAAQ,8BAA8B;AACjE,SAASC,aAAa,QAAQ,wBAAwB;AACtD,SAASC,cAAc,QAAQ,yBAAyB;AACxD,SAASC,aAAa,QAAQ,wBAAwB;AACtD,SAASC,aAAa,QAAQ,wBAAwB;AACtD,SAASC,kBAAkB,QAAQ,6BAA6B;AAChE,SAASC,wBAAwB,QAAQ,oCAAoC;AAC7E,SAASC,eAAe,QAAQ,0BAA0B;AAC1D,SAASC,gBAAgB,QAAQ,2BAA2B;AAC5D,SAASC,iBAAiB,QAAQ,6BAA6B;AAC/D,SAASC,aAAa,QAAQ,wBAAwB;AACtD,SAASC,cAAc,QAAQ,yBAAyB;AACxD,SAASC,aAAa,QAAQ,wBAAwB;AACtD,SAASC,gBAAgB,QAAQ,2BAA2B;AAC5D,SAASC,aAAa,QAAQ,wBAAwB;AACtD,SAASC,mBAAmB,QAAQ,gBAAgB;AACpD,SAASC,YAAY,QAAQ,iBAAiB;;AAE9C,MAAMC,eAAe,GAAG,CACtBF,mBAAmB,EACnB1B,aAAa,EACbE,qBAAqB,EACrBC,eAAe,EACfE,aAAa,EACbC,iBAAiB,EACjBC,cAAc,EACdE,gBAAgB,EAChBC,kBAAkB,EAClBE,aAAa,EACbC,cAAc,EACdC,aAAa,EACbC,aAAa,EACbE,wBAAwB,EACxBD,kBAAkB,EAClBR,eAAe,EACfU,eAAe,EACfC,gBAAgB,EAChBC,iBAAiB,EACjBC,aAAa,EACbC,cAAc,EACdC,aAAa,EACbC,gBAAgB,EAChBb,kBAAkB,EAClBP,qBAAqB,EACrBqB,aAAa,EACb1B,aAAa,EACbE,YAAY,EACZ0B,YAAY,CACb;AAMD,WAAaE,cAAc;EAArB,MAAOA,cAAc;;uCAAdA,cAAc;IAAA;;YAAdA;IAAc;;gBAHZD,eAAe,EAhC5BF,mBAAmB,EACnB1B,aAAa,EACbE,qBAAqB,EACrBC,eAAe,EACfE,aAAa,EACbC,iBAAiB,EACjBC,cAAc,EACdE,gBAAgB,EAChBC,kBAAkB,EAClBE,aAAa,EACbC,cAAc,EACdC,aAAa,EACbC,aAAa,EACbE,wBAAwB,EACxBD,kBAAkB,EAClBR,eAAe,EACfU,eAAe,EACfC,gBAAgB,EAChBC,iBAAiB,EACjBC,aAAa,EACbC,cAAc,EACdC,aAAa,EACbC,gBAAgB,EAChBb,kBAAkB,EAClBP,qBAAqB,EACrBqB,aAAa,EACb1B,aAAa,EACbE,YAAY,EACZ0B,YAAY;IAAA;;SAODE,cAAc;AAAA;;2EAAdA,cAAc;IAAAC,OAAA,GAnCzBJ,mBAAmB,EACnB1B,aAAa,EACbE,qBAAqB,EACrBC,eAAe,EACfE,aAAa,EACbC,iBAAiB,EACjBC,cAAc,EACdE,gBAAgB,EAChBC,kBAAkB,EAClBE,aAAa,EACbC,cAAc,EACdC,aAAa,EACbC,aAAa,EACbE,wBAAwB,EACxBD,kBAAkB,EAClBR,eAAe,EACfU,eAAe,EACfC,gBAAgB,EAChBC,iBAAiB,EACjBC,aAAa,EACbC,cAAc,EACdC,aAAa,EACbC,gBAAgB,EAChBb,kBAAkB,EAClBP,qBAAqB,EACrBqB,aAAa,EACb1B,aAAa,EACbE,YAAY,EACZ0B,YAAY;IAAAI,OAAA,GA5BZL,mBAAmB,EACnB1B,aAAa,EACbE,qBAAqB,EACrBC,eAAe,EACfE,aAAa,EACbC,iBAAiB,EACjBC,cAAc,EACdE,gBAAgB,EAChBC,kBAAkB,EAClBE,aAAa,EACbC,cAAc,EACdC,aAAa,EACbC,aAAa,EACbE,wBAAwB,EACxBD,kBAAkB,EAClBR,eAAe,EACfU,eAAe,EACfC,gBAAgB,EAChBC,iBAAiB,EACjBC,aAAa,EACbC,cAAc,EACdC,aAAa,EACbC,gBAAgB,EAChBb,kBAAkB,EAClBP,qBAAqB,EACrBqB,aAAa,EACb1B,aAAa,EACbE,YAAY,EACZ0B,YAAY;EAAA;AAAA",
      "ignoreList": []
    },
    "_coverageSchema": "1a1c01bbd47fc00a2c39e90264f33305004495a9",
    "hash": "d2a6f3611cdc8e3bb66237d7da9763d4a7776ad5"
  },
  "/Users/theblooming/Documents/OpenClassRooms/Projet 2 - Testez et améliorez une application existante/Front-end---Testez-et-am-liorez-une-application-existante/src/app/core/service/user.service.ts": {
    "path": "/Users/theblooming/Documents/OpenClassRooms/Projet 2 - Testez et améliorez une application existante/Front-end---Testez-et-am-liorez-une-application-existante/src/app/core/service/user.service.ts",
    "statementMap": {
      "0": {
        "start": {
          "line": 3,
          "column": 38
        },
        "end": {
          "line": 26,
          "column": 4
        }
      },
      "1": {
        "start": {
          "line": 7,
          "column": 6
        },
        "end": {
          "line": 7,
          "column": 35
        }
      },
      "2": {
        "start": {
          "line": 11,
          "column": 6
        },
        "end": {
          "line": 11,
          "column": 57
        }
      },
      "3": {
        "start": {
          "line": 14,
          "column": 6
        },
        "end": {
          "line": 14,
          "column": 61
        }
      },
      "4": {
        "start": {
          "line": 16,
          "column": 18
        },
        "end": {
          "line": 18,
          "column": 5
        }
      },
      "5": {
        "start": {
          "line": 17,
          "column": 6
        },
        "end": {
          "line": 17,
          "column": 80
        }
      },
      "6": {
        "start": {
          "line": 19,
          "column": 32
        },
        "end": {
          "line": 23,
          "column": 6
        }
      },
      "7": {
        "start": {
          "line": 25,
          "column": 2
        },
        "end": {
          "line": 25,
          "column": 21
        }
      }
    },
    "fnMap": {
      "0": {
        "name": "(anonymous_0)",
        "decl": {
          "start": {
            "line": 3,
            "column": 39
          },
          "end": {
            "line": 3,
            "column": 40
          }
        },
        "loc": {
          "start": {
            "line": 3,
            "column": 45
          },
          "end": {
            "line": 26,
            "column": 1
          }
        },
        "line": 3
      },
      "1": {
        "name": "(anonymous_1)",
        "decl": {
          "start": {
            "line": 6,
            "column": 4
          },
          "end": {
            "line": 6,
            "column": 5
          }
        },
        "loc": {
          "start": {
            "line": 6,
            "column": 28
          },
          "end": {
            "line": 8,
            "column": 5
          }
        },
        "line": 6
      },
      "2": {
        "name": "(anonymous_2)",
        "decl": {
          "start": {
            "line": 10,
            "column": 4
          },
          "end": {
            "line": 10,
            "column": 5
          }
        },
        "loc": {
          "start": {
            "line": 10,
            "column": 19
          },
          "end": {
            "line": 12,
            "column": 5
          }
        },
        "line": 10
      },
      "3": {
        "name": "(anonymous_3)",
        "decl": {
          "start": {
            "line": 13,
            "column": 4
          },
          "end": {
            "line": 13,
            "column": 5
          }
        },
        "loc": {
          "start": {
            "line": 13,
            "column": 23
          },
          "end": {
            "line": 15,
            "column": 5
          }
        },
        "line": 13
      },
      "4": {
        "name": "UserService_Factory",
        "decl": {
          "start": {
            "line": 16,
            "column": 27
          },
          "end": {
            "line": 16,
            "column": 46
          }
        },
        "loc": {
          "start": {
            "line": 16,
            "column": 66
          },
          "end": {
            "line": 18,
            "column": 5
          }
        },
        "line": 16
      }
    },
    "branchMap": {
      "0": {
        "loc": {
          "start": {
            "line": 17,
            "column": 18
          },
          "end": {
            "line": 17,
            "column": 50
          }
        },
        "type": "binary-expr",
        "locations": [
          {
            "start": {
              "line": 17,
              "column": 18
            },
            "end": {
              "line": 17,
              "column": 35
            }
          },
          {
            "start": {
              "line": 17,
              "column": 39
            },
            "end": {
              "line": 17,
              "column": 50
            }
          }
        ],
        "line": 17
      }
    },
    "s": {
      "0": 42,
      "1": 28,
      "2": 1,
      "3": 14,
      "4": 42,
      "5": 28,
      "6": 42,
      "7": 42
    },
    "f": {
      "0": 42,
      "1": 28,
      "2": 1,
      "3": 14,
      "4": 28
    },
    "b": {
      "0": [
        28,
        28
      ]
    },
    "inputSourceMap": {
      "version": 3,
      "names": [
        "UserService",
        "httpClient",
        "constructor",
        "register",
        "user",
        "post",
        "login",
        "credentials",
        "i0",
        "ɵɵinject",
        "i1",
        "HttpClient",
        "factory",
        "ɵfac",
        "providedIn"
      ],
      "sources": [
        "/Users/theblooming/Documents/OpenClassRooms/Projet 2 - Testez et améliorez une application existante/Front-end---Testez-et-am-liorez-une-application-existante/src/app/core/service/user.service.ts"
      ],
      "sourcesContent": [
        "import { Injectable } from '@angular/core';\nimport { Register } from '../models/Register';\nimport { HttpClient } from '@angular/common/http';\nimport { Observable } from 'rxjs';\nimport { Login } from '../models/Login';\nimport { LoginResponse } from '../models/LoginResponse';\n\n@Injectable({\n  providedIn: 'root',\n})\nexport class UserService {\n  constructor(private httpClient: HttpClient) {}\n\n  // memo: HttpClient is configure by a proxy in proxy.conf.json\n  register(user: Register): Observable<Object> {\n    return this.httpClient.post('/api/register', user);\n  }\n\n  login(credentials: Login): Observable<LoginResponse> {\n    return this.httpClient.post<LoginResponse>('/api/login', credentials);\n  }\n}\n"
      ],
      "mappings": ";;AAUA,WAAaA,WAAW;EAAlB,MAAOA,WAAW;IACFC,UAAA;IAApBC,YAAoBD,UAAsB;MAAtB,KAAAA,UAAU,GAAVA,UAAU;IAAe;IAE7C;IACAE,QAAQA,CAACC,IAAc;MACrB,OAAO,IAAI,CAACH,UAAU,CAACI,IAAI,CAAC,eAAe,EAAED,IAAI,CAAC;IACpD;IAEAE,KAAKA,CAACC,WAAkB;MACtB,OAAO,IAAI,CAACN,UAAU,CAACI,IAAI,CAAgB,YAAY,EAAEE,WAAW,CAAC;IACvE;;uCAVWP,WAAW,EAAAQ,EAAA,CAAAC,QAAA,CAAAC,EAAA,CAAAC,UAAA;IAAA;;aAAXX,WAAW;MAAAY,OAAA,EAAXZ,WAAW,CAAAa,IAAA;MAAAC,UAAA,EAFV;IAAM;;SAEPd,WAAW;AAAA",
      "ignoreList": []
    },
    "_coverageSchema": "1a1c01bbd47fc00a2c39e90264f33305004495a9",
    "hash": "d4a7be68d2c94dca9e1e0f660fcba26f8493d99c"
  },
  "/Users/theblooming/Documents/OpenClassRooms/Projet 2 - Testez et améliorez une application existante/Front-end---Testez-et-am-liorez-une-application-existante/src/app/pages/register/register.component.ts": {
    "path": "/Users/theblooming/Documents/OpenClassRooms/Projet 2 - Testez et améliorez une application existante/Front-end---Testez-et-am-liorez-une-application-existante/src/app/pages/register/register.component.ts",
    "statementMap": {
      "0": {
        "start": {
          "line": 10,
          "column": 12
        },
        "end": {
          "line": 12,
          "column": 2
        }
      },
      "1": {
        "start": {
          "line": 10,
          "column": 19
        },
        "end": {
          "line": 12,
          "column": 1
        }
      },
      "2": {
        "start": {
          "line": 14,
          "column": 2
        },
        "end": {
          "line": 18,
          "column": 3
        }
      },
      "3": {
        "start": {
          "line": 15,
          "column": 4
        },
        "end": {
          "line": 15,
          "column": 32
        }
      },
      "4": {
        "start": {
          "line": 16,
          "column": 4
        },
        "end": {
          "line": 16,
          "column": 43
        }
      },
      "5": {
        "start": {
          "line": 17,
          "column": 4
        },
        "end": {
          "line": 17,
          "column": 22
        }
      },
      "6": {
        "start": {
          "line": 21,
          "column": 2
        },
        "end": {
          "line": 25,
          "column": 3
        }
      },
      "7": {
        "start": {
          "line": 22,
          "column": 4
        },
        "end": {
          "line": 22,
          "column": 35
        }
      },
      "8": {
        "start": {
          "line": 23,
          "column": 4
        },
        "end": {
          "line": 23,
          "column": 91
        }
      },
      "9": {
        "start": {
          "line": 24,
          "column": 4
        },
        "end": {
          "line": 24,
          "column": 22
        }
      },
      "10": {
        "start": {
          "line": 26,
          "column": 2
        },
        "end": {
          "line": 30,
          "column": 3
        }
      },
      "11": {
        "start": {
          "line": 27,
          "column": 19
        },
        "end": {
          "line": 27,
          "column": 37
        }
      },
      "12": {
        "start": {
          "line": 28,
          "column": 4
        },
        "end": {
          "line": 28,
          "column": 19
        }
      },
      "13": {
        "start": {
          "line": 29,
          "column": 4
        },
        "end": {
          "line": 29,
          "column": 126
        }
      },
      "14": {
        "start": {
          "line": 33,
          "column": 2
        },
        "end": {
          "line": 37,
          "column": 3
        }
      },
      "15": {
        "start": {
          "line": 34,
          "column": 4
        },
        "end": {
          "line": 34,
          "column": 32
        }
      },
      "16": {
        "start": {
          "line": 35,
          "column": 4
        },
        "end": {
          "line": 35,
          "column": 42
        }
      },
      "17": {
        "start": {
          "line": 36,
          "column": 4
        },
        "end": {
          "line": 36,
          "column": 22
        }
      },
      "18": {
        "start": {
          "line": 40,
          "column": 2
        },
        "end": {
          "line": 44,
          "column": 3
        }
      },
      "19": {
        "start": {
          "line": 41,
          "column": 4
        },
        "end": {
          "line": 41,
          "column": 35
        }
      },
      "20": {
        "start": {
          "line": 42,
          "column": 4
        },
        "end": {
          "line": 42,
          "column": 91
        }
      },
      "21": {
        "start": {
          "line": 43,
          "column": 4
        },
        "end": {
          "line": 43,
          "column": 22
        }
      },
      "22": {
        "start": {
          "line": 45,
          "column": 2
        },
        "end": {
          "line": 49,
          "column": 3
        }
      },
      "23": {
        "start": {
          "line": 46,
          "column": 19
        },
        "end": {
          "line": 46,
          "column": 37
        }
      },
      "24": {
        "start": {
          "line": 47,
          "column": 4
        },
        "end": {
          "line": 47,
          "column": 19
        }
      },
      "25": {
        "start": {
          "line": 48,
          "column": 4
        },
        "end": {
          "line": 48,
          "column": 124
        }
      },
      "26": {
        "start": {
          "line": 52,
          "column": 2
        },
        "end": {
          "line": 56,
          "column": 3
        }
      },
      "27": {
        "start": {
          "line": 53,
          "column": 4
        },
        "end": {
          "line": 53,
          "column": 32
        }
      },
      "28": {
        "start": {
          "line": 54,
          "column": 4
        },
        "end": {
          "line": 54,
          "column": 38
        }
      },
      "29": {
        "start": {
          "line": 55,
          "column": 4
        },
        "end": {
          "line": 55,
          "column": 22
        }
      },
      "30": {
        "start": {
          "line": 59,
          "column": 2
        },
        "end": {
          "line": 63,
          "column": 3
        }
      },
      "31": {
        "start": {
          "line": 60,
          "column": 4
        },
        "end": {
          "line": 60,
          "column": 36
        }
      },
      "32": {
        "start": {
          "line": 61,
          "column": 4
        },
        "end": {
          "line": 61,
          "column": 91
        }
      },
      "33": {
        "start": {
          "line": 62,
          "column": 4
        },
        "end": {
          "line": 62,
          "column": 22
        }
      },
      "34": {
        "start": {
          "line": 64,
          "column": 2
        },
        "end": {
          "line": 68,
          "column": 3
        }
      },
      "35": {
        "start": {
          "line": 65,
          "column": 19
        },
        "end": {
          "line": 65,
          "column": 37
        }
      },
      "36": {
        "start": {
          "line": 66,
          "column": 4
        },
        "end": {
          "line": 66,
          "column": 19
        }
      },
      "37": {
        "start": {
          "line": 67,
          "column": 4
        },
        "end": {
          "line": 67,
          "column": 118
        }
      },
      "38": {
        "start": {
          "line": 71,
          "column": 2
        },
        "end": {
          "line": 75,
          "column": 3
        }
      },
      "39": {
        "start": {
          "line": 72,
          "column": 4
        },
        "end": {
          "line": 72,
          "column": 32
        }
      },
      "40": {
        "start": {
          "line": 73,
          "column": 4
        },
        "end": {
          "line": 73,
          "column": 41
        }
      },
      "41": {
        "start": {
          "line": 74,
          "column": 4
        },
        "end": {
          "line": 74,
          "column": 22
        }
      },
      "42": {
        "start": {
          "line": 78,
          "column": 2
        },
        "end": {
          "line": 82,
          "column": 3
        }
      },
      "43": {
        "start": {
          "line": 79,
          "column": 4
        },
        "end": {
          "line": 79,
          "column": 36
        }
      },
      "44": {
        "start": {
          "line": 80,
          "column": 4
        },
        "end": {
          "line": 80,
          "column": 91
        }
      },
      "45": {
        "start": {
          "line": 81,
          "column": 4
        },
        "end": {
          "line": 81,
          "column": 22
        }
      },
      "46": {
        "start": {
          "line": 83,
          "column": 2
        },
        "end": {
          "line": 87,
          "column": 3
        }
      },
      "47": {
        "start": {
          "line": 84,
          "column": 19
        },
        "end": {
          "line": 84,
          "column": 37
        }
      },
      "48": {
        "start": {
          "line": 85,
          "column": 4
        },
        "end": {
          "line": 85,
          "column": 19
        }
      },
      "49": {
        "start": {
          "line": 86,
          "column": 4
        },
        "end": {
          "line": 86,
          "column": 124
        }
      },
      "50": {
        "start": {
          "line": 89,
          "column": 44
        },
        "end": {
          "line": 205,
          "column": 4
        }
      },
      "51": {
        "start": {
          "line": 91,
          "column": 18
        },
        "end": {
          "line": 91,
          "column": 37
        }
      },
      "52": {
        "start": {
          "line": 92,
          "column": 18
        },
        "end": {
          "line": 92,
          "column": 37
        }
      },
      "53": {
        "start": {
          "line": 93,
          "column": 17
        },
        "end": {
          "line": 93,
          "column": 35
        }
      },
      "54": {
        "start": {
          "line": 94,
          "column": 19
        },
        "end": {
          "line": 94,
          "column": 36
        }
      },
      "55": {
        "start": {
          "line": 95,
          "column": 16
        },
        "end": {
          "line": 95,
          "column": 21
        }
      },
      "56": {
        "start": {
          "line": 97,
          "column": 6
        },
        "end": {
          "line": 102,
          "column": 9
        }
      },
      "57": {
        "start": {
          "line": 105,
          "column": 6
        },
        "end": {
          "line": 105,
          "column": 40
        }
      },
      "58": {
        "start": {
          "line": 108,
          "column": 6
        },
        "end": {
          "line": 108,
          "column": 28
        }
      },
      "59": {
        "start": {
          "line": 109,
          "column": 6
        },
        "end": {
          "line": 111,
          "column": 7
        }
      },
      "60": {
        "start": {
          "line": 110,
          "column": 8
        },
        "end": {
          "line": 110,
          "column": 15
        }
      },
      "61": {
        "start": {
          "line": 112,
          "column": 27
        },
        "end": {
          "line": 117,
          "column": 7
        }
      },
      "62": {
        "start": {
          "line": 118,
          "column": 6
        },
        "end": {
          "line": 121,
          "column": 9
        }
      },
      "63": {
        "start": {
          "line": 119,
          "column": 8
        },
        "end": {
          "line": 119,
          "column": 31
        }
      },
      "64": {
        "start": {
          "line": 124,
          "column": 6
        },
        "end": {
          "line": 124,
          "column": 29
        }
      },
      "65": {
        "start": {
          "line": 125,
          "column": 6
        },
        "end": {
          "line": 125,
          "column": 32
        }
      },
      "66": {
        "start": {
          "line": 127,
          "column": 18
        },
        "end": {
          "line": 129,
          "column": 5
        }
      },
      "67": {
        "start": {
          "line": 128,
          "column": 6
        },
        "end": {
          "line": 128,
          "column": 60
        }
      },
      "68": {
        "start": {
          "line": 130,
          "column": 31
        },
        "end": {
          "line": 202,
          "column": 6
        }
      },
      "69": {
        "start": {
          "line": 137,
          "column": 8
        },
        "end": {
          "line": 178,
          "column": 9
        }
      },
      "70": {
        "start": {
          "line": 138,
          "column": 10
        },
        "end": {
          "line": 138,
          "column": 53
        }
      },
      "71": {
        "start": {
          "line": 139,
          "column": 10
        },
        "end": {
          "line": 139,
          "column": 44
        }
      },
      "72": {
        "start": {
          "line": 140,
          "column": 10
        },
        "end": {
          "line": 140,
          "column": 28
        }
      },
      "73": {
        "start": {
          "line": 141,
          "column": 10
        },
        "end": {
          "line": 141,
          "column": 55
        }
      },
      "74": {
        "start": {
          "line": 142,
          "column": 10
        },
        "end": {
          "line": 144,
          "column": 13
        }
      },
      "75": {
        "start": {
          "line": 143,
          "column": 12
        },
        "end": {
          "line": 143,
          "column": 34
        }
      },
      "76": {
        "start": {
          "line": 145,
          "column": 10
        },
        "end": {
          "line": 145,
          "column": 66
        }
      },
      "77": {
        "start": {
          "line": 146,
          "column": 10
        },
        "end": {
          "line": 146,
          "column": 37
        }
      },
      "78": {
        "start": {
          "line": 147,
          "column": 10
        },
        "end": {
          "line": 147,
          "column": 28
        }
      },
      "79": {
        "start": {
          "line": 148,
          "column": 10
        },
        "end": {
          "line": 148,
          "column": 38
        }
      },
      "80": {
        "start": {
          "line": 149,
          "column": 10
        },
        "end": {
          "line": 149,
          "column": 87
        }
      },
      "81": {
        "start": {
          "line": 150,
          "column": 10
        },
        "end": {
          "line": 150,
          "column": 28
        }
      },
      "82": {
        "start": {
          "line": 151,
          "column": 10
        },
        "end": {
          "line": 151,
          "column": 55
        }
      },
      "83": {
        "start": {
          "line": 152,
          "column": 10
        },
        "end": {
          "line": 152,
          "column": 37
        }
      },
      "84": {
        "start": {
          "line": 153,
          "column": 10
        },
        "end": {
          "line": 153,
          "column": 28
        }
      },
      "85": {
        "start": {
          "line": 154,
          "column": 10
        },
        "end": {
          "line": 154,
          "column": 39
        }
      },
      "86": {
        "start": {
          "line": 155,
          "column": 10
        },
        "end": {
          "line": 155,
          "column": 87
        }
      },
      "87": {
        "start": {
          "line": 156,
          "column": 10
        },
        "end": {
          "line": 156,
          "column": 30
        }
      },
      "88": {
        "start": {
          "line": 157,
          "column": 10
        },
        "end": {
          "line": 157,
          "column": 56
        }
      },
      "89": {
        "start": {
          "line": 158,
          "column": 10
        },
        "end": {
          "line": 158,
          "column": 33
        }
      },
      "90": {
        "start": {
          "line": 159,
          "column": 10
        },
        "end": {
          "line": 159,
          "column": 28
        }
      },
      "91": {
        "start": {
          "line": 160,
          "column": 10
        },
        "end": {
          "line": 160,
          "column": 40
        }
      },
      "92": {
        "start": {
          "line": 161,
          "column": 10
        },
        "end": {
          "line": 161,
          "column": 88
        }
      },
      "93": {
        "start": {
          "line": 162,
          "column": 10
        },
        "end": {
          "line": 162,
          "column": 28
        }
      },
      "94": {
        "start": {
          "line": 163,
          "column": 10
        },
        "end": {
          "line": 163,
          "column": 56
        }
      },
      "95": {
        "start": {
          "line": 164,
          "column": 10
        },
        "end": {
          "line": 164,
          "column": 36
        }
      },
      "96": {
        "start": {
          "line": 165,
          "column": 10
        },
        "end": {
          "line": 165,
          "column": 28
        }
      },
      "97": {
        "start": {
          "line": 166,
          "column": 10
        },
        "end": {
          "line": 166,
          "column": 40
        }
      },
      "98": {
        "start": {
          "line": 167,
          "column": 10
        },
        "end": {
          "line": 167,
          "column": 88
        }
      },
      "99": {
        "start": {
          "line": 168,
          "column": 10
        },
        "end": {
          "line": 168,
          "column": 28
        }
      },
      "100": {
        "start": {
          "line": 169,
          "column": 10
        },
        "end": {
          "line": 169,
          "column": 61
        }
      },
      "101": {
        "start": {
          "line": 170,
          "column": 10
        },
        "end": {
          "line": 170,
          "column": 38
        }
      },
      "102": {
        "start": {
          "line": 171,
          "column": 10
        },
        "end": {
          "line": 171,
          "column": 28
        }
      },
      "103": {
        "start": {
          "line": 172,
          "column": 10
        },
        "end": {
          "line": 172,
          "column": 46
        }
      },
      "104": {
        "start": {
          "line": 173,
          "column": 10
        },
        "end": {
          "line": 175,
          "column": 13
        }
      },
      "105": {
        "start": {
          "line": 174,
          "column": 12
        },
        "end": {
          "line": 174,
          "column": 33
        }
      },
      "106": {
        "start": {
          "line": 176,
          "column": 10
        },
        "end": {
          "line": 176,
          "column": 36
        }
      },
      "107": {
        "start": {
          "line": 177,
          "column": 10
        },
        "end": {
          "line": 177,
          "column": 36
        }
      },
      "108": {
        "start": {
          "line": 179,
          "column": 8
        },
        "end": {
          "line": 198,
          "column": 9
        }
      },
      "109": {
        "start": {
          "line": 180,
          "column": 10
        },
        "end": {
          "line": 180,
          "column": 26
        }
      },
      "110": {
        "start": {
          "line": 181,
          "column": 10
        },
        "end": {
          "line": 181,
          "column": 55
        }
      },
      "111": {
        "start": {
          "line": 182,
          "column": 10
        },
        "end": {
          "line": 182,
          "column": 26
        }
      },
      "112": {
        "start": {
          "line": 183,
          "column": 10
        },
        "end": {
          "line": 183,
          "column": 110
        }
      },
      "113": {
        "start": {
          "line": 184,
          "column": 10
        },
        "end": {
          "line": 184,
          "column": 25
        }
      },
      "114": {
        "start": {
          "line": 185,
          "column": 10
        },
        "end": {
          "line": 185,
          "column": 84
        }
      },
      "115": {
        "start": {
          "line": 186,
          "column": 10
        },
        "end": {
          "line": 186,
          "column": 26
        }
      },
      "116": {
        "start": {
          "line": 187,
          "column": 10
        },
        "end": {
          "line": 187,
          "column": 110
        }
      },
      "117": {
        "start": {
          "line": 188,
          "column": 10
        },
        "end": {
          "line": 188,
          "column": 25
        }
      },
      "118": {
        "start": {
          "line": 189,
          "column": 10
        },
        "end": {
          "line": 189,
          "column": 83
        }
      },
      "119": {
        "start": {
          "line": 190,
          "column": 10
        },
        "end": {
          "line": 190,
          "column": 26
        }
      },
      "120": {
        "start": {
          "line": 191,
          "column": 10
        },
        "end": {
          "line": 191,
          "column": 107
        }
      },
      "121": {
        "start": {
          "line": 192,
          "column": 10
        },
        "end": {
          "line": 192,
          "column": 25
        }
      },
      "122": {
        "start": {
          "line": 193,
          "column": 10
        },
        "end": {
          "line": 193,
          "column": 80
        }
      },
      "123": {
        "start": {
          "line": 194,
          "column": 10
        },
        "end": {
          "line": 194,
          "column": 26
        }
      },
      "124": {
        "start": {
          "line": 195,
          "column": 10
        },
        "end": {
          "line": 195,
          "column": 110
        }
      },
      "125": {
        "start": {
          "line": 196,
          "column": 10
        },
        "end": {
          "line": 196,
          "column": 25
        }
      },
      "126": {
        "start": {
          "line": 197,
          "column": 10
        },
        "end": {
          "line": 197,
          "column": 83
        }
      },
      "127": {
        "start": {
          "line": 204,
          "column": 2
        },
        "end": {
          "line": 204,
          "column": 27
        }
      }
    },
    "fnMap": {
      "0": {
        "name": "(anonymous_0)",
        "decl": {
          "start": {
            "line": 10,
            "column": 12
          },
          "end": {
            "line": 10,
            "column": 13
          }
        },
        "loc": {
          "start": {
            "line": 10,
            "column": 19
          },
          "end": {
            "line": 12,
            "column": 1
          }
        },
        "line": 10
      },
      "1": {
        "name": "RegisterComponent_Conditional_10_Conditional_1_Template",
        "decl": {
          "start": {
            "line": 13,
            "column": 9
          },
          "end": {
            "line": 13,
            "column": 64
          }
        },
        "loc": {
          "start": {
            "line": 13,
            "column": 74
          },
          "end": {
            "line": 19,
            "column": 1
          }
        },
        "line": 13
      },
      "2": {
        "name": "RegisterComponent_Conditional_10_Template",
        "decl": {
          "start": {
            "line": 20,
            "column": 9
          },
          "end": {
            "line": 20,
            "column": 50
          }
        },
        "loc": {
          "start": {
            "line": 20,
            "column": 60
          },
          "end": {
            "line": 31,
            "column": 1
          }
        },
        "line": 20
      },
      "3": {
        "name": "RegisterComponent_Conditional_15_Conditional_1_Template",
        "decl": {
          "start": {
            "line": 32,
            "column": 9
          },
          "end": {
            "line": 32,
            "column": 64
          }
        },
        "loc": {
          "start": {
            "line": 32,
            "column": 74
          },
          "end": {
            "line": 38,
            "column": 1
          }
        },
        "line": 32
      },
      "4": {
        "name": "RegisterComponent_Conditional_15_Template",
        "decl": {
          "start": {
            "line": 39,
            "column": 9
          },
          "end": {
            "line": 39,
            "column": 50
          }
        },
        "loc": {
          "start": {
            "line": 39,
            "column": 60
          },
          "end": {
            "line": 50,
            "column": 1
          }
        },
        "line": 39
      },
      "5": {
        "name": "RegisterComponent_Conditional_20_Conditional_1_Template",
        "decl": {
          "start": {
            "line": 51,
            "column": 9
          },
          "end": {
            "line": 51,
            "column": 64
          }
        },
        "loc": {
          "start": {
            "line": 51,
            "column": 74
          },
          "end": {
            "line": 57,
            "column": 1
          }
        },
        "line": 51
      },
      "6": {
        "name": "RegisterComponent_Conditional_20_Template",
        "decl": {
          "start": {
            "line": 58,
            "column": 9
          },
          "end": {
            "line": 58,
            "column": 50
          }
        },
        "loc": {
          "start": {
            "line": 58,
            "column": 60
          },
          "end": {
            "line": 69,
            "column": 1
          }
        },
        "line": 58
      },
      "7": {
        "name": "RegisterComponent_Conditional_25_Conditional_1_Template",
        "decl": {
          "start": {
            "line": 70,
            "column": 9
          },
          "end": {
            "line": 70,
            "column": 64
          }
        },
        "loc": {
          "start": {
            "line": 70,
            "column": 74
          },
          "end": {
            "line": 76,
            "column": 1
          }
        },
        "line": 70
      },
      "8": {
        "name": "RegisterComponent_Conditional_25_Template",
        "decl": {
          "start": {
            "line": 77,
            "column": 9
          },
          "end": {
            "line": 77,
            "column": 50
          }
        },
        "loc": {
          "start": {
            "line": 77,
            "column": 60
          },
          "end": {
            "line": 88,
            "column": 1
          }
        },
        "line": 77
      },
      "9": {
        "name": "(anonymous_9)",
        "decl": {
          "start": {
            "line": 89,
            "column": 45
          },
          "end": {
            "line": 89,
            "column": 46
          }
        },
        "loc": {
          "start": {
            "line": 89,
            "column": 51
          },
          "end": {
            "line": 205,
            "column": 1
          }
        },
        "line": 89
      },
      "10": {
        "name": "(anonymous_10)",
        "decl": {
          "start": {
            "line": 96,
            "column": 4
          },
          "end": {
            "line": 96,
            "column": 5
          }
        },
        "loc": {
          "start": {
            "line": 96,
            "column": 15
          },
          "end": {
            "line": 103,
            "column": 5
          }
        },
        "line": 96
      },
      "11": {
        "name": "(anonymous_11)",
        "decl": {
          "start": {
            "line": 104,
            "column": 4
          },
          "end": {
            "line": 104,
            "column": 5
          }
        },
        "loc": {
          "start": {
            "line": 104,
            "column": 15
          },
          "end": {
            "line": 106,
            "column": 5
          }
        },
        "line": 104
      },
      "12": {
        "name": "(anonymous_12)",
        "decl": {
          "start": {
            "line": 107,
            "column": 4
          },
          "end": {
            "line": 107,
            "column": 5
          }
        },
        "loc": {
          "start": {
            "line": 107,
            "column": 15
          },
          "end": {
            "line": 122,
            "column": 5
          }
        },
        "line": 107
      },
      "13": {
        "name": "(anonymous_13)",
        "decl": {
          "start": {
            "line": 118,
            "column": 98
          },
          "end": {
            "line": 118,
            "column": 99
          }
        },
        "loc": {
          "start": {
            "line": 118,
            "column": 104
          },
          "end": {
            "line": 121,
            "column": 7
          }
        },
        "line": 118
      },
      "14": {
        "name": "(anonymous_14)",
        "decl": {
          "start": {
            "line": 123,
            "column": 4
          },
          "end": {
            "line": 123,
            "column": 5
          }
        },
        "loc": {
          "start": {
            "line": 123,
            "column": 14
          },
          "end": {
            "line": 126,
            "column": 5
          }
        },
        "line": 123
      },
      "15": {
        "name": "RegisterComponent_Factory",
        "decl": {
          "start": {
            "line": 127,
            "column": 27
          },
          "end": {
            "line": 127,
            "column": 52
          }
        },
        "loc": {
          "start": {
            "line": 127,
            "column": 72
          },
          "end": {
            "line": 129,
            "column": 5
          }
        },
        "line": 127
      },
      "16": {
        "name": "RegisterComponent_Template",
        "decl": {
          "start": {
            "line": 136,
            "column": 25
          },
          "end": {
            "line": 136,
            "column": 51
          }
        },
        "loc": {
          "start": {
            "line": 136,
            "column": 61
          },
          "end": {
            "line": 199,
            "column": 7
          }
        },
        "line": 136
      },
      "17": {
        "name": "RegisterComponent_Template_form_ngSubmit_4_listener",
        "decl": {
          "start": {
            "line": 142,
            "column": 45
          },
          "end": {
            "line": 142,
            "column": 96
          }
        },
        "loc": {
          "start": {
            "line": 142,
            "column": 99
          },
          "end": {
            "line": 144,
            "column": 11
          }
        },
        "line": 142
      },
      "18": {
        "name": "RegisterComponent_Template_button_click_29_listener",
        "decl": {
          "start": {
            "line": 173,
            "column": 42
          },
          "end": {
            "line": 173,
            "column": 93
          }
        },
        "loc": {
          "start": {
            "line": 173,
            "column": 96
          },
          "end": {
            "line": 175,
            "column": 11
          }
        },
        "line": 173
      }
    },
    "branchMap": {
      "0": {
        "loc": {
          "start": {
            "line": 14,
            "column": 2
          },
          "end": {
            "line": 18,
            "column": 3
          }
        },
        "type": "if",
        "locations": [
          {
            "start": {
              "line": 14,
              "column": 2
            },
            "end": {
              "line": 18,
              "column": 3
            }
          },
          {
            "start": {
              "line": 14,
              "column": 2
            },
            "end": {
              "line": 18,
              "column": 3
            }
          }
        ],
        "line": 14
      },
      "1": {
        "loc": {
          "start": {
            "line": 21,
            "column": 2
          },
          "end": {
            "line": 25,
            "column": 3
          }
        },
        "type": "if",
        "locations": [
          {
            "start": {
              "line": 21,
              "column": 2
            },
            "end": {
              "line": 25,
              "column": 3
            }
          },
          {
            "start": {
              "line": 21,
              "column": 2
            },
            "end": {
              "line": 25,
              "column": 3
            }
          }
        ],
        "line": 21
      },
      "2": {
        "loc": {
          "start": {
            "line": 26,
            "column": 2
          },
          "end": {
            "line": 30,
            "column": 3
          }
        },
        "type": "if",
        "locations": [
          {
            "start": {
              "line": 26,
              "column": 2
            },
            "end": {
              "line": 30,
              "column": 3
            }
          },
          {
            "start": {
              "line": 26,
              "column": 2
            },
            "end": {
              "line": 30,
              "column": 3
            }
          }
        ],
        "line": 26
      },
      "3": {
        "loc": {
          "start": {
            "line": 29,
            "column": 21
          },
          "end": {
            "line": 29,
            "column": 124
          }
        },
        "type": "cond-expr",
        "locations": [
          {
            "start": {
              "line": 29,
              "column": 118
            },
            "end": {
              "line": 29,
              "column": 119
            }
          },
          {
            "start": {
              "line": 29,
              "column": 122
            },
            "end": {
              "line": 29,
              "column": 124
            }
          }
        ],
        "line": 29
      },
      "4": {
        "loc": {
          "start": {
            "line": 29,
            "column": 22
          },
          "end": {
            "line": 29,
            "column": 114
          }
        },
        "type": "cond-expr",
        "locations": [
          {
            "start": {
              "line": 29,
              "column": 64
            },
            "end": {
              "line": 29,
              "column": 68
            }
          },
          {
            "start": {
              "line": 29,
              "column": 71
            },
            "end": {
              "line": 29,
              "column": 114
            }
          }
        ],
        "line": 29
      },
      "5": {
        "loc": {
          "start": {
            "line": 33,
            "column": 2
          },
          "end": {
            "line": 37,
            "column": 3
          }
        },
        "type": "if",
        "locations": [
          {
            "start": {
              "line": 33,
              "column": 2
            },
            "end": {
              "line": 37,
              "column": 3
            }
          },
          {
            "start": {
              "line": 33,
              "column": 2
            },
            "end": {
              "line": 37,
              "column": 3
            }
          }
        ],
        "line": 33
      },
      "6": {
        "loc": {
          "start": {
            "line": 40,
            "column": 2
          },
          "end": {
            "line": 44,
            "column": 3
          }
        },
        "type": "if",
        "locations": [
          {
            "start": {
              "line": 40,
              "column": 2
            },
            "end": {
              "line": 44,
              "column": 3
            }
          },
          {
            "start": {
              "line": 40,
              "column": 2
            },
            "end": {
              "line": 44,
              "column": 3
            }
          }
        ],
        "line": 40
      },
      "7": {
        "loc": {
          "start": {
            "line": 45,
            "column": 2
          },
          "end": {
            "line": 49,
            "column": 3
          }
        },
        "type": "if",
        "locations": [
          {
            "start": {
              "line": 45,
              "column": 2
            },
            "end": {
              "line": 49,
              "column": 3
            }
          },
          {
            "start": {
              "line": 45,
              "column": 2
            },
            "end": {
              "line": 49,
              "column": 3
            }
          }
        ],
        "line": 45
      },
      "8": {
        "loc": {
          "start": {
            "line": 48,
            "column": 21
          },
          "end": {
            "line": 48,
            "column": 122
          }
        },
        "type": "cond-expr",
        "locations": [
          {
            "start": {
              "line": 48,
              "column": 116
            },
            "end": {
              "line": 48,
              "column": 117
            }
          },
          {
            "start": {
              "line": 48,
              "column": 120
            },
            "end": {
              "line": 48,
              "column": 122
            }
          }
        ],
        "line": 48
      },
      "9": {
        "loc": {
          "start": {
            "line": 48,
            "column": 22
          },
          "end": {
            "line": 48,
            "column": 112
          }
        },
        "type": "cond-expr",
        "locations": [
          {
            "start": {
              "line": 48,
              "column": 63
            },
            "end": {
              "line": 48,
              "column": 67
            }
          },
          {
            "start": {
              "line": 48,
              "column": 70
            },
            "end": {
              "line": 48,
              "column": 112
            }
          }
        ],
        "line": 48
      },
      "10": {
        "loc": {
          "start": {
            "line": 52,
            "column": 2
          },
          "end": {
            "line": 56,
            "column": 3
          }
        },
        "type": "if",
        "locations": [
          {
            "start": {
              "line": 52,
              "column": 2
            },
            "end": {
              "line": 56,
              "column": 3
            }
          },
          {
            "start": {
              "line": 52,
              "column": 2
            },
            "end": {
              "line": 56,
              "column": 3
            }
          }
        ],
        "line": 52
      },
      "11": {
        "loc": {
          "start": {
            "line": 59,
            "column": 2
          },
          "end": {
            "line": 63,
            "column": 3
          }
        },
        "type": "if",
        "locations": [
          {
            "start": {
              "line": 59,
              "column": 2
            },
            "end": {
              "line": 63,
              "column": 3
            }
          },
          {
            "start": {
              "line": 59,
              "column": 2
            },
            "end": {
              "line": 63,
              "column": 3
            }
          }
        ],
        "line": 59
      },
      "12": {
        "loc": {
          "start": {
            "line": 64,
            "column": 2
          },
          "end": {
            "line": 68,
            "column": 3
          }
        },
        "type": "if",
        "locations": [
          {
            "start": {
              "line": 64,
              "column": 2
            },
            "end": {
              "line": 68,
              "column": 3
            }
          },
          {
            "start": {
              "line": 64,
              "column": 2
            },
            "end": {
              "line": 68,
              "column": 3
            }
          }
        ],
        "line": 64
      },
      "13": {
        "loc": {
          "start": {
            "line": 67,
            "column": 21
          },
          "end": {
            "line": 67,
            "column": 116
          }
        },
        "type": "cond-expr",
        "locations": [
          {
            "start": {
              "line": 67,
              "column": 110
            },
            "end": {
              "line": 67,
              "column": 111
            }
          },
          {
            "start": {
              "line": 67,
              "column": 114
            },
            "end": {
              "line": 67,
              "column": 116
            }
          }
        ],
        "line": 67
      },
      "14": {
        "loc": {
          "start": {
            "line": 67,
            "column": 22
          },
          "end": {
            "line": 67,
            "column": 106
          }
        },
        "type": "cond-expr",
        "locations": [
          {
            "start": {
              "line": 67,
              "column": 60
            },
            "end": {
              "line": 67,
              "column": 64
            }
          },
          {
            "start": {
              "line": 67,
              "column": 67
            },
            "end": {
              "line": 67,
              "column": 106
            }
          }
        ],
        "line": 67
      },
      "15": {
        "loc": {
          "start": {
            "line": 71,
            "column": 2
          },
          "end": {
            "line": 75,
            "column": 3
          }
        },
        "type": "if",
        "locations": [
          {
            "start": {
              "line": 71,
              "column": 2
            },
            "end": {
              "line": 75,
              "column": 3
            }
          },
          {
            "start": {
              "line": 71,
              "column": 2
            },
            "end": {
              "line": 75,
              "column": 3
            }
          }
        ],
        "line": 71
      },
      "16": {
        "loc": {
          "start": {
            "line": 78,
            "column": 2
          },
          "end": {
            "line": 82,
            "column": 3
          }
        },
        "type": "if",
        "locations": [
          {
            "start": {
              "line": 78,
              "column": 2
            },
            "end": {
              "line": 82,
              "column": 3
            }
          },
          {
            "start": {
              "line": 78,
              "column": 2
            },
            "end": {
              "line": 82,
              "column": 3
            }
          }
        ],
        "line": 78
      },
      "17": {
        "loc": {
          "start": {
            "line": 83,
            "column": 2
          },
          "end": {
            "line": 87,
            "column": 3
          }
        },
        "type": "if",
        "locations": [
          {
            "start": {
              "line": 83,
              "column": 2
            },
            "end": {
              "line": 87,
              "column": 3
            }
          },
          {
            "start": {
              "line": 83,
              "column": 2
            },
            "end": {
              "line": 87,
              "column": 3
            }
          }
        ],
        "line": 83
      },
      "18": {
        "loc": {
          "start": {
            "line": 86,
            "column": 21
          },
          "end": {
            "line": 86,
            "column": 122
          }
        },
        "type": "cond-expr",
        "locations": [
          {
            "start": {
              "line": 86,
              "column": 116
            },
            "end": {
              "line": 86,
              "column": 117
            }
          },
          {
            "start": {
              "line": 86,
              "column": 120
            },
            "end": {
              "line": 86,
              "column": 122
            }
          }
        ],
        "line": 86
      },
      "19": {
        "loc": {
          "start": {
            "line": 86,
            "column": 22
          },
          "end": {
            "line": 86,
            "column": 112
          }
        },
        "type": "cond-expr",
        "locations": [
          {
            "start": {
              "line": 86,
              "column": 63
            },
            "end": {
              "line": 86,
              "column": 67
            }
          },
          {
            "start": {
              "line": 86,
              "column": 70
            },
            "end": {
              "line": 86,
              "column": 112
            }
          }
        ],
        "line": 86
      },
      "20": {
        "loc": {
          "start": {
            "line": 109,
            "column": 6
          },
          "end": {
            "line": 111,
            "column": 7
          }
        },
        "type": "if",
        "locations": [
          {
            "start": {
              "line": 109,
              "column": 6
            },
            "end": {
              "line": 111,
              "column": 7
            }
          },
          {
            "start": {
              "line": 109,
              "column": 6
            },
            "end": {
              "line": 111,
              "column": 7
            }
          }
        ],
        "line": 109
      },
      "21": {
        "loc": {
          "start": {
            "line": 128,
            "column": 18
          },
          "end": {
            "line": 128,
            "column": 56
          }
        },
        "type": "binary-expr",
        "locations": [
          {
            "start": {
              "line": 128,
              "column": 18
            },
            "end": {
              "line": 128,
              "column": 35
            }
          },
          {
            "start": {
              "line": 128,
              "column": 39
            },
            "end": {
              "line": 128,
              "column": 56
            }
          }
        ],
        "line": 128
      },
      "22": {
        "loc": {
          "start": {
            "line": 137,
            "column": 8
          },
          "end": {
            "line": 178,
            "column": 9
          }
        },
        "type": "if",
        "locations": [
          {
            "start": {
              "line": 137,
              "column": 8
            },
            "end": {
              "line": 178,
              "column": 9
            }
          },
          {
            "start": {
              "line": 137,
              "column": 8
            },
            "end": {
              "line": 178,
              "column": 9
            }
          }
        ],
        "line": 137
      },
      "23": {
        "loc": {
          "start": {
            "line": 179,
            "column": 8
          },
          "end": {
            "line": 198,
            "column": 9
          }
        },
        "type": "if",
        "locations": [
          {
            "start": {
              "line": 179,
              "column": 8
            },
            "end": {
              "line": 198,
              "column": 9
            }
          },
          {
            "start": {
              "line": 179,
              "column": 8
            },
            "end": {
              "line": 198,
              "column": 9
            }
          }
        ],
        "line": 179
      },
      "24": {
        "loc": {
          "start": {
            "line": 183,
            "column": 62
          },
          "end": {
            "line": 183,
            "column": 107
          }
        },
        "type": "binary-expr",
        "locations": [
          {
            "start": {
              "line": 183,
              "column": 62
            },
            "end": {
              "line": 183,
              "column": 75
            }
          },
          {
            "start": {
              "line": 183,
              "column": 79
            },
            "end": {
              "line": 183,
              "column": 107
            }
          }
        ],
        "line": 183
      },
      "25": {
        "loc": {
          "start": {
            "line": 185,
            "column": 27
          },
          "end": {
            "line": 185,
            "column": 82
          }
        },
        "type": "cond-expr",
        "locations": [
          {
            "start": {
              "line": 185,
              "column": 75
            },
            "end": {
              "line": 185,
              "column": 77
            }
          },
          {
            "start": {
              "line": 185,
              "column": 80
            },
            "end": {
              "line": 185,
              "column": 82
            }
          }
        ],
        "line": 185
      },
      "26": {
        "loc": {
          "start": {
            "line": 185,
            "column": 27
          },
          "end": {
            "line": 185,
            "column": 72
          }
        },
        "type": "binary-expr",
        "locations": [
          {
            "start": {
              "line": 185,
              "column": 27
            },
            "end": {
              "line": 185,
              "column": 40
            }
          },
          {
            "start": {
              "line": 185,
              "column": 44
            },
            "end": {
              "line": 185,
              "column": 72
            }
          }
        ],
        "line": 185
      },
      "27": {
        "loc": {
          "start": {
            "line": 187,
            "column": 63
          },
          "end": {
            "line": 187,
            "column": 107
          }
        },
        "type": "binary-expr",
        "locations": [
          {
            "start": {
              "line": 187,
              "column": 63
            },
            "end": {
              "line": 187,
              "column": 76
            }
          },
          {
            "start": {
              "line": 187,
              "column": 80
            },
            "end": {
              "line": 187,
              "column": 107
            }
          }
        ],
        "line": 187
      },
      "28": {
        "loc": {
          "start": {
            "line": 189,
            "column": 27
          },
          "end": {
            "line": 189,
            "column": 81
          }
        },
        "type": "cond-expr",
        "locations": [
          {
            "start": {
              "line": 189,
              "column": 74
            },
            "end": {
              "line": 189,
              "column": 76
            }
          },
          {
            "start": {
              "line": 189,
              "column": 79
            },
            "end": {
              "line": 189,
              "column": 81
            }
          }
        ],
        "line": 189
      },
      "29": {
        "loc": {
          "start": {
            "line": 189,
            "column": 27
          },
          "end": {
            "line": 189,
            "column": 71
          }
        },
        "type": "binary-expr",
        "locations": [
          {
            "start": {
              "line": 189,
              "column": 27
            },
            "end": {
              "line": 189,
              "column": 40
            }
          },
          {
            "start": {
              "line": 189,
              "column": 44
            },
            "end": {
              "line": 189,
              "column": 71
            }
          }
        ],
        "line": 189
      },
      "30": {
        "loc": {
          "start": {
            "line": 191,
            "column": 63
          },
          "end": {
            "line": 191,
            "column": 104
          }
        },
        "type": "binary-expr",
        "locations": [
          {
            "start": {
              "line": 191,
              "column": 63
            },
            "end": {
              "line": 191,
              "column": 76
            }
          },
          {
            "start": {
              "line": 191,
              "column": 80
            },
            "end": {
              "line": 191,
              "column": 104
            }
          }
        ],
        "line": 191
      },
      "31": {
        "loc": {
          "start": {
            "line": 193,
            "column": 27
          },
          "end": {
            "line": 193,
            "column": 78
          }
        },
        "type": "cond-expr",
        "locations": [
          {
            "start": {
              "line": 193,
              "column": 71
            },
            "end": {
              "line": 193,
              "column": 73
            }
          },
          {
            "start": {
              "line": 193,
              "column": 76
            },
            "end": {
              "line": 193,
              "column": 78
            }
          }
        ],
        "line": 193
      },
      "32": {
        "loc": {
          "start": {
            "line": 193,
            "column": 27
          },
          "end": {
            "line": 193,
            "column": 68
          }
        },
        "type": "binary-expr",
        "locations": [
          {
            "start": {
              "line": 193,
              "column": 27
            },
            "end": {
              "line": 193,
              "column": 40
            }
          },
          {
            "start": {
              "line": 193,
              "column": 44
            },
            "end": {
              "line": 193,
              "column": 68
            }
          }
        ],
        "line": 193
      },
      "33": {
        "loc": {
          "start": {
            "line": 195,
            "column": 63
          },
          "end": {
            "line": 195,
            "column": 107
          }
        },
        "type": "binary-expr",
        "locations": [
          {
            "start": {
              "line": 195,
              "column": 63
            },
            "end": {
              "line": 195,
              "column": 76
            }
          },
          {
            "start": {
              "line": 195,
              "column": 80
            },
            "end": {
              "line": 195,
              "column": 107
            }
          }
        ],
        "line": 195
      },
      "34": {
        "loc": {
          "start": {
            "line": 197,
            "column": 27
          },
          "end": {
            "line": 197,
            "column": 81
          }
        },
        "type": "cond-expr",
        "locations": [
          {
            "start": {
              "line": 197,
              "column": 74
            },
            "end": {
              "line": 197,
              "column": 76
            }
          },
          {
            "start": {
              "line": 197,
              "column": 79
            },
            "end": {
              "line": 197,
              "column": 81
            }
          }
        ],
        "line": 197
      },
      "35": {
        "loc": {
          "start": {
            "line": 197,
            "column": 27
          },
          "end": {
            "line": 197,
            "column": 71
          }
        },
        "type": "binary-expr",
        "locations": [
          {
            "start": {
              "line": 197,
              "column": 27
            },
            "end": {
              "line": 197,
              "column": 40
            }
          },
          {
            "start": {
              "line": 197,
              "column": 44
            },
            "end": {
              "line": 197,
              "column": 71
            }
          }
        ],
        "line": 197
      }
    },
    "s": {
      "0": 42,
      "1": 20,
      "2": 3,
      "3": 1,
      "4": 1,
      "5": 1,
      "6": 3,
      "7": 1,
      "8": 1,
      "9": 1,
      "10": 3,
      "11": 2,
      "12": 2,
      "13": 2,
      "14": 3,
      "15": 1,
      "16": 1,
      "17": 1,
      "18": 3,
      "19": 1,
      "20": 1,
      "21": 1,
      "22": 3,
      "23": 2,
      "24": 2,
      "25": 2,
      "26": 3,
      "27": 1,
      "28": 1,
      "29": 1,
      "30": 3,
      "31": 1,
      "32": 1,
      "33": 1,
      "34": 3,
      "35": 2,
      "36": 2,
      "37": 2,
      "38": 3,
      "39": 1,
      "40": 1,
      "41": 1,
      "42": 3,
      "43": 1,
      "44": 1,
      "45": 1,
      "46": 3,
      "47": 2,
      "48": 2,
      "49": 2,
      "50": 42,
      "51": 3,
      "52": 3,
      "53": 3,
      "54": 3,
      "55": 3,
      "56": 3,
      "57": 48,
      "58": 2,
      "59": 2,
      "60": 1,
      "61": 1,
      "62": 1,
      "63": 0,
      "64": 1,
      "65": 1,
      "66": 42,
      "67": 3,
      "68": 42,
      "69": 109,
      "70": 3,
      "71": 3,
      "72": 3,
      "73": 3,
      "74": 3,
      "75": 2,
      "76": 3,
      "77": 3,
      "78": 3,
      "79": 3,
      "80": 3,
      "81": 3,
      "82": 3,
      "83": 3,
      "84": 3,
      "85": 3,
      "86": 3,
      "87": 3,
      "88": 3,
      "89": 3,
      "90": 3,
      "91": 3,
      "92": 3,
      "93": 3,
      "94": 3,
      "95": 3,
      "96": 3,
      "97": 3,
      "98": 3,
      "99": 3,
      "100": 3,
      "101": 3,
      "102": 3,
      "103": 3,
      "104": 3,
      "105": 1,
      "106": 3,
      "107": 3,
      "108": 109,
      "109": 106,
      "110": 106,
      "111": 106,
      "112": 106,
      "113": 106,
      "114": 106,
      "115": 106,
      "116": 106,
      "117": 106,
      "118": 106,
      "119": 106,
      "120": 106,
      "121": 106,
      "122": 106,
      "123": 106,
      "124": 106,
      "125": 106,
      "126": 106,
      "127": 42
    },
    "f": {
      "0": 20,
      "1": 3,
      "2": 3,
      "3": 3,
      "4": 3,
      "5": 3,
      "6": 3,
      "7": 3,
      "8": 3,
      "9": 42,
      "10": 3,
      "11": 48,
      "12": 2,
      "13": 0,
      "14": 1,
      "15": 3,
      "16": 109,
      "17": 2,
      "18": 1
    },
    "b": {
      "0": [
        1,
        2
      ],
      "1": [
        1,
        2
      ],
      "2": [
        2,
        1
      ],
      "3": [
        2,
        0
      ],
      "4": [
        0,
        2
      ],
      "5": [
        1,
        2
      ],
      "6": [
        1,
        2
      ],
      "7": [
        2,
        1
      ],
      "8": [
        2,
        0
      ],
      "9": [
        0,
        2
      ],
      "10": [
        1,
        2
      ],
      "11": [
        1,
        2
      ],
      "12": [
        2,
        1
      ],
      "13": [
        2,
        0
      ],
      "14": [
        0,
        2
      ],
      "15": [
        1,
        2
      ],
      "16": [
        1,
        2
      ],
      "17": [
        2,
        1
      ],
      "18": [
        2,
        0
      ],
      "19": [
        0,
        2
      ],
      "20": [
        1,
        1
      ],
      "21": [
        3,
        3
      ],
      "22": [
        3,
        106
      ],
      "23": [
        106,
        3
      ],
      "24": [
        106,
        4
      ],
      "25": [
        2,
        104
      ],
      "26": [
        106,
        4
      ],
      "27": [
        106,
        4
      ],
      "28": [
        2,
        104
      ],
      "29": [
        106,
        4
      ],
      "30": [
        106,
        4
      ],
      "31": [
        2,
        104
      ],
      "32": [
        106,
        4
      ],
      "33": [
        106,
        4
      ],
      "34": [
        2,
        104
      ],
      "35": [
        106,
        4
      ]
    },
    "inputSourceMap": {
      "version": 3,
      "names": [
        "DestroyRef",
        "inject",
        "FormBuilder",
        "FormGroup",
        "Validators",
        "CommonModule",
        "MaterialModule",
        "UserService",
        "takeUntilDestroyed",
        "i0",
        "ɵɵelementStart",
        "ɵɵtext",
        "ɵɵelementEnd",
        "ɵɵtemplate",
        "RegisterComponent_Conditional_10_Conditional_1_Template",
        "ɵɵadvance",
        "ɵɵconditional",
        "ctx_r0",
        "form",
[...]
FormGroup, Validators } from '@angular/forms';\nimport { StudentRegister } from '../../../../core/models/StudentRegister';\n\n@Component({\n  selector: 'app-studentupdate',\n  templateUrl: './studentupdate.component.html',\n  imports: [CommonModule, MaterialModule],\n})\nexport class StudentUpdateComponent implements OnInit {\n  private route: ActivatedRoute = inject(ActivatedRoute);\n  private router: Router = inject(Router);\n  private studentService = inject(StudentService);\n  private destroyRef = inject(DestroyRef);\n  private studentId: number | null = null;\n  public errorMessage: string | null = null;\n  public student: Student | null = null;\n  private formBuilder = inject(FormBuilder);\n  public updateForm: FormGroup = new FormGroup({});\n\n  ngOnInit(): void {\n    this.updateForm = this.formBuilder.group({\n      firstName: ['', Validators.required],\n      lastName: ['', Validators.required],\n      email: ['', [Validators.required, Validators.email]],\n    });\n\n    this.route.params.subscribe((params) => {\n      this.studentId = params['id'];\n    });\n\n    if (this.studentId !== null) {\n      this.studentService\n        .getStudentById(this.studentId)\n        .pipe(takeUntilDestroyed(this.destroyRef))\n        .subscribe({\n          next: (student) => {\n            this.student = student;\n\n            this.updateForm.patchValue({\n              firstName: student.firstName,\n              lastName: student.lastName,\n              email: student.email,\n            });\n          },\n          error: (error) => {\n            if (error.status === 401) {\n              alert('Vous avez été déconnecté. Veuillez vous reconnecter.');\n              this.router.navigate(['/login']);\n              return;\n            }\n            this.errorMessage = 'Aucun étudiant correspondant trouvé.';\n          },\n        });\n    }\n  }\n\n  onSubmit(): void {\n    if (this.studentId !== null && this.updateForm.valid) {\n      const updatedStudent: StudentRegister = {\n        firstName: this.updateForm.get('firstName')?.value,\n        lastName: this.updateForm.get('lastName')?.value,\n        email: this.updateForm.get('email')?.value,\n      };\n\n      this.studentService\n        .updateStudent(this.studentId!, updatedStudent)\n        .pipe(takeUntilDestroyed(this.destroyRef))\n        .subscribe({\n          next: () => {\n            alert('Étudiant mis à jour avec succès.');\n            this.router.navigate([\n              '/dashboard/student',\n              this.studentId,\n              'detail',\n            ]);\n          },\n          error: (error) => {\n            if (error.status === 401) {\n              alert('Vous avez été déconnecté. Veuillez vous reconnecter.');\n              this.router.navigate(['/login']);\n              return;\n            }\n            this.errorMessage = \"Erreur lors de la mise à jour de l'étudiant.\";\n          },\n        });\n    }\n  }\n\n  onReset(): void {\n    if (this.student) {\n      this.updateForm.patchValue({\n        firstName: this.student.firstName,\n        lastName: this.student.lastName,\n        email: this.student.email,\n      });\n    }\n\n    this.router.navigate(['/dashboard/student', this.studentId, 'detail']);\n  }\n}\n",
        "<div class=\"card\">\n  <h5 class=\"card-header\">Modification d'un étudiant</h5>\n\n  <div class=\"card-body\">\n    <form [formGroup]=\"updateForm\" (ngSubmit)=\"onSubmit()\">\n      <div class=\"form-group mb-3\">\n        <label for=\"firstName\">Prénom</label>\n        <input\n          type=\"text\"\n          id=\"firstName\"\n          class=\"form-control\"\n          placeholder=\"Ex: Minji\"\n          formControlName=\"firstName\"\n          data-cy=\"student-update-firstName\"\n        />\n        <div\n          *ngIf=\"\n            updateForm.get('firstName')?.touched &&\n            updateForm.get('firstName')?.invalid\n          \"\n          data-cy=\"student-update-error\"\n        >\n          <small\n            class=\"text-danger\"\n            *ngIf=\"updateForm.get('firstName')?.errors?.['required']\"\n          >\n            Le prénom est obligatoire\n          </small>\n        </div>\n      </div>\n\n      <div class=\"form-group mb-3\">\n        <label for=\"lastName\">Nom</label>\n        <input\n          type=\"text\"\n          id=\"lastName\"\n          class=\"form-control\"\n          placeholder=\"Ex: Kim\"\n          formControlName=\"lastName\"\n          data-cy=\"student-update-lastName\"\n        />\n        <div\n          *ngIf=\"\n            updateForm.get('lastName')?.touched &&\n            updateForm.get('lastName')?.invalid\n          \"\n          data-cy=\"student-update-error\"\n        >\n          <small\n            class=\"text-danger\"\n            *ngIf=\"updateForm.get('lastName')?.errors?.['required']\"\n          >\n            Le nom est obligatoire\n          </small>\n        </div>\n      </div>\n\n      <div class=\"form-group mb-4\">\n        <label for=\"email\">Email</label>\n        <input\n          type=\"email\"\n          id=\"email\"\n          class=\"form-control\"\n          placeholder=\"ex: minji.kim@mail.com\"\n          formControlName=\"email\"\n          data-cy=\"student-update-email\"\n        />\n\n        <div\n          *ngIf=\"\n            updateForm.get('email')?.touched && updateForm.get('email')?.invalid\n          \"\n          data-cy=\"student-update-error\"\n        >\n          <small\n            class=\"text-danger\"\n            *ngIf=\"updateForm.get('email')?.errors?.['required']\"\n          >\n            L’email est obligatoire\n          </small>\n\n          <small\n            class=\"text-danger\"\n            *ngIf=\"updateForm.get('email')?.errors?.['email']\"\n          >\n            Format d’email invalide\n          </small>\n        </div>\n      </div>\n\n      <div\n        class=\"text-danger mt-3\"\n        *ngIf=\"errorMessage\"\n        data-cy=\"student-update-api-error\"\n      >\n        {{ errorMessage }}\n      </div>\n\n      <div class=\"d-flex justify-content-end\">\n        <button\n          type=\"button\"\n          class=\"btn btn-secondary mr-2\"\n          (click)=\"onReset()\"\n          data-cy=\"student-update-cancel\"\n        >\n          Annuler\n        </button>\n\n        <button\n          type=\"submit\"\n          class=\"btn btn-primary\"\n          data-cy=\"student-update-submit\"\n        >\n          Appliquer les modifications\n        </button>\n      </div>\n    </form>\n  </div>\n</div>\n"
      ],
      "mappings": "AAAA,SAAoBA,UAAU,EAAEC,MAAM,QAAgB,eAAe;AACrE,SAASC,cAAc,QAAQ,oCAAoC;AACnE,SAASC,YAAY,QAAQ,iBAAiB;AAC9C,SAASC,cAAc,EAAEC,MAAM,QAAQ,iBAAiB;AACxD,SAASC,cAAc,QAAQ,0CAA0C;AACzE,SAASC,kBAAkB,QAAQ,4BAA4B;AAE/D,SAASC,WAAW,EAAEC,SAAS,EAAEC,UAAU,QAAQ,gBAAgB;;;;;;ICezDC,EAAA,CAAAC,cAAA,gBAGC;IACCD,EAAA,CAAAE,MAAA,uCACF;IAAAF,EAAA,CAAAG,YAAA,EAAQ;;;;;IAZVH,EAAA,CAAAC,cAAA,cAMC;IACCD,EAAA,CAAAI,UAAA,IAAAC,6CAAA,oBAGC;IAGHL,EAAA,CAAAG,YAAA,EAAM;;;;;IAJDH,EAAA,CAAAM,SAAA,EAAuD;IAAvDN,EAAA,CAAAO,UAAA,UAAAC,OAAA,GAAAC,MAAA,CAAAC,UAAA,CAAAC,GAAA,gCAAAH,OAAA,CAAAI,MAAA,kBAAAJ,OAAA,CAAAI,MAAA,aAAuD;;;;;IAwB1DZ,EAAA,CAAAC,cAAA,gBAGC;IACCD,EAAA,CAAAE,MAAA,+BACF;IAAAF,EAAA,CAAAG,YAAA,EAAQ;;;;;IAZVH,EAAA,CAAAC,cAAA,cAMC;IACCD,EAAA,CAAAI,UAAA,IAAAS,8CAAA,oBAGC;IAGHb,EAAA,CAAAG,YAAA,EAAM;;;;;IAJDH,EAAA,CAAAM,SAAA,EAAsD;IAAtDN,EAAA,CAAAO,UAAA,UAAAC,OAAA,GAAAC,MAAA,CAAAC,UAAA,CAAAC,GAAA,+BAAAH,OAAA,CAAAI,MAAA,kBAAAJ,OAAA,CAAAI,MAAA,aAAsD;;;;;IAwBzDZ,EAAA,CAAAC,cAAA,gBAGC;IACCD,EAAA,CAAAE,MAAA,qCACF;IAAAF,EAAA,CAAAG,YAAA,EAAQ;;;;;IAERH,EAAA,CAAAC,cAAA,gBAGC;IACCD,EAAA,CAAAE,MAAA,qCACF;IAAAF,EAAA,CAAAG,YAAA,EAAQ;;;;;IAlBVH,EAAA,CAAAC,cAAA,cAKC;IAQCD,EAPA,CAAAI,UAAA,IAAAU,8CAAA,oBAGC,IAAAC,8CAAA,oBAOA;IAGHf,EAAA,CAAAG,YAAA,EAAM;;;;;;IAXDH,EAAA,CAAAM,SAAA,EAAmD;IAAnDN,EAAA,CAAAO,UAAA,UAAAC,OAAA,GAAAC,MAAA,CAAAC,UAAA,CAAAC,GAAA,4BAAAH,OAAA,CAAAI,MAAA,kBAAAJ,OAAA,CAAAI,MAAA,aAAmD;IAOnDZ,EAAA,CAAAM,SAAA,EAAgD;IAAhDN,EAAA,CAAAO,UAAA,UAAAS,OAAA,GAAAP,MAAA,CAAAC,UAAA,CAAAC,GAAA,4BAAAK,OAAA,CAAAJ,MAAA,kBAAAI,OAAA,CAAAJ,MAAA,UAAgD;;;;;IAOvDZ,EAAA,CAAAC,cAAA,cAIC;IACCD,EAAA,CAAAE,MAAA,GACF;IAAAF,EAAA,CAAAG,YAAA,EAAM;;;;IADJH,EAAA,CAAAM,SAAA,EACF;IADEN,EAAA,CAAAiB,kBAAA,MAAAR,MAAA,CAAAS,YAAA,MACF;;;ADjFN,WAAaC,sBAAsB;EAA7B,MAAOA,sBAAsB;IACzBC,KAAK,GAAmB9B,MAAM,CAACG,cAAc,CAAC;IAC9C4B,MAAM,GAAW/B,MAAM,CAACI,MAAM,CAAC;IAC/B4B,cAAc,GAAGhC,MAAM,CAACK,cAAc,CAAC;IACvC4B,UAAU,GAAGjC,MAAM,CAACD,UAAU,CAAC;IAC/BmC,SAAS,GAAkB,IAAI;IAChCN,YAAY,GAAkB,IAAI;IAClCO,OAAO,GAAmB,IAAI;IAC7BC,WAAW,GAAGpC,MAAM,CAACO,WAAW,CAAC;IAClCa,UAAU,GAAc,IAAIZ,SAAS,CAAC,EAAE,CAAC;IAEhD6B,QAAQA,CAAA;MACN,IAAI,CAACjB,UAAU,GAAG,IAAI,CAACgB,WAAW,CAACE,KAAK,CAAC;QACvCC,SAAS,EAAE,CAAC,EAAE,EAAE9B,UAAU,CAAC+B,QAAQ,CAAC;QACpCC,QAAQ,EAAE,CAAC,EAAE,EAAEhC,UAAU,CAAC+B,QAAQ,CAAC;QACnCE,KAAK,EAAE,CAAC,EAAE,EAAE,CAACjC,UAAU,CAAC+B,QAAQ,EAAE/B,UAAU,CAACiC,KAAK,CAAC;OACpD,CAAC;MAEF,IAAI,CAACZ,KAAK,CAACa,MAAM,CAACC,SAAS,CAAED,MAAM,IAAI;QACrC,IAAI,CAACT,SAAS,GAAGS,MAAM,CAAC,IAAI,CAAC;MAC/B,CAAC,CAAC;MAEF,IAAI,IAAI,CAACT,SAAS,KAAK,IAAI,EAAE;QAC3B,IAAI,CAACF,cAAc,CAChBa,cAAc,CAAC,IAAI,CAACX,SAAS,CAAC,CAC9BY,IAAI,CAACxC,kBAAkB,CAAC,IAAI,CAAC2B,UAAU,CAAC,CAAC,CACzCW,SAAS,CAAC;UACTG,IAAI,EAAGZ,OAAO,IAAI;YAChB,IAAI,CAACA,OAAO,GAAGA,OAAO;YAEtB,IAAI,CAACf,UAAU,CAAC4B,UAAU,CAAC;cACzBT,SAAS,EAAEJ,OAAO,CAACI,SAAS;cAC5BE,QAAQ,EAAEN,OAAO,CAACM,QAAQ;cAC1BC,KAAK,EAAEP,OAAO,CAACO;aAChB,CAAC;UACJ,CAAC;UACDO,KAAK,EAAGA,KAAK,IAAI;YACf,IAAIA,KAAK,CAACC,MAAM,KAAK,GAAG,EAAE;cACxBC,KAAK,CAAC,sDAAsD,CAAC;cAC7D,IAAI,CAACpB,MAAM,CAACqB,QAAQ,CAAC,CAAC,QAAQ,CAAC,CAAC;cAChC;YACF;YACA,IAAI,CAACxB,YAAY,GAAG,sCAAsC;UAC5D;SACD,CAAC;MACN;IACF;IAEAyB,QAAQA,CAAA;MACN,IAAI,IAAI,CAACnB,SAAS,KAAK,IAAI,IAAI,IAAI,CAACd,UAAU,CAACkC,KAAK,EAAE;QACpD,MAAMC,cAAc,GAAoB;UACtChB,SAAS,EAAE,IAAI,CAACnB,UAAU,CAACC,GAAG,CAAC,WAAW,CAAC,EAAEmC,KAAK;UAClDf,QAAQ,EAAE,IAAI,CAACrB,UAAU,CAACC,GAAG,CAAC,UAAU,CAAC,EAAEmC,KAAK;UAChDd,KAAK,EAAE,IAAI,CAACtB,UAAU,CAACC,GAAG,CAAC,OAAO,CAAC,EAAEmC;SACtC;QAED,IAAI,CAACxB,cAAc,CAChByB,aAAa,CAAC,IAAI,CAACvB,SAAU,EAAEqB,cAAc,CAAC,CAC9CT,IAAI,CAACxC,kBAAkB,CAAC,IAAI,CAAC2B,UAAU,CAAC,CAAC,CACzCW,SAAS,CAAC;UACTG,IAAI,EAAEA,CAAA,KAAK;YACTI,KAAK,CAAC,kCAAkC,CAAC;YACzC,IAAI,CAACpB,MAAM,CAACqB,QAAQ,CAAC,CACnB,oBAAoB,EACpB,IAAI,CAAClB,SAAS,EACd,QAAQ,CACT,CAAC;UACJ,CAAC;UACDe,KAAK,EAAGA,KAAK,IAAI;YACf,IAAIA,KAAK,CAACC,MAAM,KAAK,GAAG,EAAE;cACxBC,KAAK,CAAC,sDAAsD,CAAC;cAC7D,IAAI,CAACpB,MAAM,CAACqB,QAAQ,CAAC,CAAC,QAAQ,CAAC,CAAC;cAChC;YACF;YACA,IAAI,CAACxB,YAAY,GAAG,8CAA8C;UACpE;SACD,CAAC;MACN;IACF;IAEA8B,OAAOA,CAAA;MACL,IAAI,IAAI,CAACvB,OAAO,EAAE;QAChB,IAAI,CAACf,UAAU,CAAC4B,UAAU,CAAC;UACzBT,SAAS,EAAE,IAAI,CAACJ,OAAO,CAACI,SAAS;UACjCE,QAAQ,EAAE,IAAI,CAACN,OAAO,CAACM,QAAQ;UAC/BC,KAAK,EAAE,IAAI,CAACP,OAAO,CAACO;SACrB,CAAC;MACJ;MAEA,IAAI,CAACX,MAAM,CAACqB,QAAQ,CAAC,CAAC,oBAAoB,EAAE,IAAI,CAAClB,SAAS,EAAE,QAAQ,CAAC,CAAC;IACxE;;uCA1FWL,sBAAsB;IAAA;;YAAtBA,sBAAsB;MAAA8B,SAAA;MAAAC,KAAA;MAAAC,IAAA;MAAAC,MAAA;MAAAC,QAAA,WAAAC,gCAAAC,EAAA,EAAAC,GAAA;QAAA,IAAAD,EAAA;UCdjCvD,EADF,CAAAC,cAAA,aAAkB,YACQ;UAAAD,EAAA,CAAAE,MAAA,sCAA0B;UAAAF,EAAA,CAAAG,YAAA,EAAK;UAGrDH,EADF,CAAAC,cAAA,aAAuB,cACkC;UAAxBD,EAAA,CAAAyD,UAAA,sBAAAC,yDAAA;YAAA,OAAYF,GAAA,CAAAb,QAAA,EAAU;UAAA,EAAC;UAElD3C,EADF,CAAAC,cAAA,aAA6B,eACJ;UAAAD,EAAA,CAAAE,MAAA,kBAAM;UAAAF,EAAA,CAAAG,YAAA,EAAQ;UACrCH,EAAA,CAAA2D,SAAA,eAOE;UACF3D,EAAA,CAAAI,UAAA,IAAAwD,qCAAA,iBAMC;UAQH5D,EAAA,CAAAG,YAAA,EAAM;UAGJH,EADF,CAAAC,cAAA,cAA6B,gBACL;UAAAD,EAAA,CAAAE,MAAA,WAAG;UAAAF,EAAA,CAAAG,YAAA,EAAQ;UACjCH,EAAA,CAAA2D,SAAA,gBAOE;UACF3D,EAAA,CAAAI,UAAA,KAAAyD,sCAAA,iBAMC;UAQH7D,EAAA,CAAAG,YAAA,EAAM;UAGJH,EADF,CAAAC,cAAA,eAA6B,iBACR;UAAAD,EAAA,CAAAE,MAAA,aAAK;UAAAF,EAAA,CAAAG,YAAA,EAAQ;UAChCH,EAAA,CAAA2D,SAAA,iBAOE;UAEF3D,EAAA,CAAAI,UAAA,KAAA0D,sCAAA,iBAKC;UAeH9D,EAAA,CAAAG,YAAA,EAAM;UAENH,EAAA,CAAAI,UAAA,KAAA2D,sCAAA,kBAIC;UAKC/D,EADF,CAAAC,cAAA,eAAwC,kBAMrC;UAFCD,EAAA,CAAAyD,UAAA,mBAAAO,yDAAA;YAAA,OAASR,GAAA,CAAAR,OAAA,EAAS;UAAA,EAAC;UAGnBhD,EAAA,CAAAE,MAAA,iBACF;UAAAF,EAAA,CAAAG,YAAA,EAAS;UAETH,EAAA,CAAAC,cAAA,kBAIC;UACCD,EAAA,CAAAE,MAAA,qCACF;UAIRF,EAJQ,CAAAG,YAAA,EAAS,EACL,EACD,EACH,EACF;;;;;;UAlHIH,EAAA,CAAAM,SAAA,GAAwB;UAAxBN,EAAA,CAAAO,UAAA,cAAAiD,GAAA,CAAA9C,UAAA,CAAwB;UAYvBV,EAAA,CAAAM,SAAA,GAIX;UAJWN,EAAA,CAAAO,UAAA,WAAAC,OAAA,GAAAgD,GAAA,CAAA9C,UAAA,CAAAC,GAAA,gCAAAH,OAAA,CAAAyD,OAAA,OAAAzD,OAAA,GAAAgD,GAAA,CAAA9C,UAAA,CAAAC,GAAA,gCAAAH,OAAA,CAAA0D,OAAA,EAIX;UAsBWlE,EAAA,CAAAM,SAAA,GAIX;UAJWN,EAAA,CAAAO,UAAA,WAAAS,OAAA,GAAAwC,GAAA,CAAA9C,UAAA,CAAAC,GAAA,+BAAAK,OAAA,CAAAiD,OAAA,OAAAjD,OAAA,GAAAwC,GAAA,CAAA9C,UAAA,CAAAC,GAAA,+BAAAK,OAAA,CAAAkD,OAAA,EAIX;UAuBWlE,EAAA,CAAAM,SAAA,GAGX;UAHWN,EAAA,CAAAO,UAAA,WAAA4D,OAAA,GAAAX,GAAA,CAAA9C,UAAA,CAAAC,GAAA,4BAAAwD,OAAA,CAAAF,OAAA,OAAAE,OAAA,GAAAX,GAAA,CAAA9C,UAAA,CAAAC,GAAA,4BAAAwD,OAAA,CAAAD,OAAA,EAGX;UAoBSlE,EAAA,CAAAM,SAAA,EAAkB;UAAlBN,EAAA,CAAAO,UAAA,SAAAiD,GAAA,CAAAtC,YAAA,CAAkB;;;qBD/Ef1B,YAAY,EAAA4E,EAAA,CAAAC,IAAA,EAAE9E,cAAc,EAAA+E,EAAA,CAAAC,aAAA,EAAAD,EAAA,CAAAE,oBAAA,EAAAF,EAAA,CAAAG,eAAA,EAAAH,EAAA,CAAAI,oBAAA,EAAAJ,EAAA,CAAAK,kBAAA,EAAAL,EAAA,CAAAM,eAAA;MAAAC,aAAA;IAAA;;SAE3B1D,sBAAsB;AAAA",
      "ignoreList": []
    },
    "_coverageSchema": "1a1c01bbd47fc00a2c39e90264f33305004495a9",
    "hash": "c45ad2185f69dce5620d36bd7ec2a7c43c2fefb4"
  },
  "/Users/theblooming/Documents/OpenClassRooms/Projet 2 - Testez et améliorez une application existante/Front-end---Testez-et-am-liorez-une-application-existante/src/app/app.routes.ts": {
    "path": "/Users/theblooming/Documents/OpenClassRooms/Projet 2 - Testez et améliorez une application existante/Front-end---Testez-et-am-liorez-une-application-existante/src/app/app.routes.ts",
    "statementMap": {
      "0": {
        "start": {
          "line": 11,
          "column": 22
        },
        "end": {
          "line": 49,
          "column": 2
        }
      }
    },
    "fnMap": {},
    "branchMap": {},
    "s": {
      "0": 42
    },
    "f": {},
    "b": {},
    "inputSourceMap": {
      "version": 3,
      "names": [
        "RegisterComponent",
        "LoginComponent",
        "AppComponent",
        "DashboardComponent",
        "AuthGuard",
        "StudentlistComponent",
        "StudentCreateComponent",
        "StudentDetailComponent",
        "StudentDeleteComponent",
        "StudentUpdateComponent",
        "routes",
        "path",
        "component",
        "canActivate",
        "children"
      ],
      "sources": [
        "/Users/theblooming/Documents/OpenClassRooms/Projet 2 - Testez et améliorez une application existante/Front-end---Testez-et-am-liorez-une-application-existante/src/app/app.routes.ts"
      ],
      "sourcesContent": [
        "import { Routes } from '@angular/router';\nimport { RegisterComponent } from './pages/register/register.component';\nimport { LoginComponent } from './pages/login/login.component';\nimport { AppComponent } from './app.component';\nimport { DashboardComponent } from './pages/dashboard/dashboard.component';\nimport { AuthGuard } from './guard/AuthGuard';\nimport { StudentlistComponent } from './pages/dashboard/pages/StudentList/studentlist.component';\nimport { StudentCreateComponent } from './pages/dashboard/pages/StudentCreate/studentcreate.component';\nimport { StudentDetailComponent } from './pages/dashboard/pages/StudentDetail/studentdetail.component';\nimport { StudentDeleteComponent } from './pages/dashboard/pages/StudentDelete/studentdelete.component';\nimport { StudentUpdateComponent } from './pages/dashboard/pages/StudentUpdate/studentupdate.component';\n\nexport const routes: Routes = [\n  {\n    path: '',\n    component: AppComponent,\n  },\n  {\n    path: 'register',\n    component: RegisterComponent,\n  },\n  {\n    path: 'login',\n    component: LoginComponent,\n  },\n  {\n    path: 'dashboard',\n    component: DashboardComponent,\n    canActivate: [AuthGuard],\n    children: [\n      {\n        path: '',\n        component: StudentCreateComponent,\n        canActivate: [AuthGuard],\n      },\n      {\n        path: 'student-list',\n        component: StudentlistComponent,\n        canActivate: [AuthGuard],\n      },\n      {\n        path: 'student-create',\n        component: StudentCreateComponent,\n        canActivate: [AuthGuard],\n      },\n      {\n        path: 'student/:id/detail',\n        component: StudentDetailComponent,\n        canActivate: [AuthGuard],\n      },\n      {\n        path: 'student/:id/delete',\n        component: StudentDeleteComponent,\n        canActivate: [AuthGuard],\n      },\n      {\n        path: 'student/:id/update',\n        component: StudentUpdateComponent,\n        canActivate: [AuthGuard],\n      },\n    ],\n  },\n];\n"
      ],
      "mappings": "AACA,SAASA,iBAAiB,QAAQ,qCAAqC;AACvE,SAASC,cAAc,QAAQ,+BAA+B;AAC9D,SAASC,YAAY,QAAQ,iBAAiB;AAC9C,SAASC,kBAAkB,QAAQ,uCAAuC;AAC1E,SAASC,SAAS,QAAQ,mBAAmB;AAC7C,SAASC,oBAAoB,QAAQ,2DAA2D;AAChG,SAASC,sBAAsB,QAAQ,+DAA+D;AACtG,SAASC,sBAAsB,QAAQ,+DAA+D;AACtG,SAASC,sBAAsB,QAAQ,+DAA+D;AACtG,SAASC,sBAAsB,QAAQ,+DAA+D;AAEtG,OAAO,MAAMC,MAAM,GAAW,CAC5B;EACEC,IAAI,EAAE,EAAE;EACRC,SAAS,EAAEV;CACZ,EACD;EACES,IAAI,EAAE,UAAU;EAChBC,SAAS,EAAEZ;CACZ,EACD;EACEW,IAAI,EAAE,OAAO;EACbC,SAAS,EAAEX;CACZ,EACD;EACEU,IAAI,EAAE,WAAW;EACjBC,SAAS,EAAET,kBAAkB;EAC7BU,WAAW,EAAE,CAACT,SAAS,CAAC;EACxBU,QAAQ,EAAE,CACR;IACEH,IAAI,EAAE,EAAE;IACRC,SAAS,EAAEN,sBAAsB;IACjCO,WAAW,EAAE,CAACT,SAAS;GACxB,EACD;IACEO,IAAI,EAAE,cAAc;IACpBC,SAAS,EAAEP,oBAAoB;IAC/BQ,WAAW,EAAE,CAACT,SAAS;GACxB,EACD;IACEO,IAAI,EAAE,gBAAgB;IACtBC,SAAS,EAAEN,sBAAsB;IACjCO,WAAW,EAAE,CAACT,SAAS;GACxB,EACD;IACEO,IAAI,EAAE,oBAAoB;IAC1BC,SAAS,EAAEL,sBAAsB;IACjCM,WAAW,EAAE,CAACT,SAAS;GACxB,EACD;IACEO,IAAI,EAAE,oBAAoB;IAC1BC,SAAS,EAAEJ,sBAAsB;IACjCK,WAAW,EAAE,CAACT,SAAS;GACxB,EACD;IACEO,IAAI,EAAE,oBAAoB;IAC1BC,SAAS,EAAEH,sBAAsB;IACjCI,WAAW,EAAE,CAACT,SAAS;GACxB;CAEJ,CACF",
      "ignoreList": []
    },
    "_coverageSchema": "1a1c01bbd47fc00a2c39e90264f33305004495a9",
    "hash": "53caeb84d9a29abacd57fc4e2e39a73327a04f9a"
  },
  "/Users/theblooming/Documents/OpenClassRooms/Projet 2 - Testez et améliorez une application existante/Front-end---Testez-et-am-liorez-une-application-existante/src/app/app.config.ts": {
    "path": "/Users/theblooming/Documents/OpenClassRooms/Projet 2 - Testez et améliorez une application existante/Front-end---Testez-et-am-liorez-une-application-existante/src/app/app.config.ts",
    "statementMap": {
      "0": {
        "start": {
          "line": 5,
          "column": 25
        },
        "end": {
          "line": 9,
          "column": 1
        }
      }
    },
    "fnMap": {},
    "branchMap": {},
    "s": {
      "0": 42
    },
    "f": {},
    "b": {},
    "inputSourceMap": {
      "version": 3,
      "names": [
        "provideZoneChangeDetection",
        "provideRouter",
        "routes",
        "provideHttpClient",
        "appConfig",
        "providers",
        "eventCoalescing"
      ],
      "sources": [
        "/Users/theblooming/Documents/OpenClassRooms/Projet 2 - Testez et améliorez une application existante/Front-end---Testez-et-am-liorez-une-application-existante/src/app/app.config.ts"
      ],
      "sourcesContent": [
        "import { ApplicationConfig, provideZoneChangeDetection } from '@angular/core';\nimport { provideRouter } from '@angular/router';\n\nimport { routes } from './app.routes';\nimport {provideHttpClient} from '@angular/common/http';\n\nexport const appConfig: ApplicationConfig = {\n  providers: [\n    provideHttpClient(),\n    provideZoneChangeDetection({ eventCoalescing: true }), provideRouter(routes)]\n\n};\n"
      ],
      "mappings": "AAAA,SAA4BA,0BAA0B,QAAQ,eAAe;AAC7E,SAASC,aAAa,QAAQ,iBAAiB;AAE/C,SAASC,MAAM,QAAQ,cAAc;AACrC,SAAQC,iBAAiB,QAAO,sBAAsB;AAEtD,OAAO,MAAMC,SAAS,GAAsB;EAC1CC,SAAS,EAAE,CACTF,iBAAiB,EAAE,EACnBH,0BAA0B,CAAC;IAAEM,eAAe,EAAE;EAAI,CAAE,CAAC,EAAEL,aAAa,CAACC,MAAM,CAAC;CAE/E",
      "ignoreList": []
    },
    "_coverageSchema": "1a1c01bbd47fc00a2c39e90264f33305004495a9",
    "hash": "7acf281334a6544d0992e5c3097eb67addea9e2c"
  }
}